[INFO] Scanning for projects...
[INFO] 
[INFO] -----------------------------< group18:ci >-----------------------------
[INFO] Building ci 1.0
[INFO] --------------------------------[ jar ]---------------------------------
[INFO] 
[INFO] --- maven-resources-plugin:3.0.2:resources (default-resources) @ ci ---
[INFO] Using 'UTF-8' encoding to copy filtered resources.
[INFO] skip non existing resourceDirectory /home/mfboom/kthprog/DD2480/CI/dd2480-g18-Continuous-Integration/tmp_build/e6134f8/dd2480-g18-Continuous-Integration/src/main/resources
[INFO] 
[INFO] --- maven-compiler-plugin:3.8.0:compile (default-compile) @ ci ---
[INFO] Nothing to compile - all classes are up to date
[INFO] 
[INFO] --- maven-resources-plugin:3.0.2:testResources (default-testResources) @ ci ---
[INFO] Using 'UTF-8' encoding to copy filtered resources.
[INFO] skip non existing resourceDirectory /home/mfboom/kthprog/DD2480/CI/dd2480-g18-Continuous-Integration/tmp_build/e6134f8/dd2480-g18-Continuous-Integration/src/test/resources
[INFO] 
[INFO] --- maven-compiler-plugin:3.8.0:testCompile (default-testCompile) @ ci ---
[INFO] Changes detected - recompiling the module!
[INFO] Compiling 2 source files to /home/mfboom/kthprog/DD2480/CI/dd2480-g18-Continuous-Integration/tmp_build/e6134f8/dd2480-g18-Continuous-Integration/target/test-classes
[INFO] 
[INFO] --- maven-surefire-plugin:2.22.1:test (default-test) @ ci ---
[INFO] 
[INFO] -------------------------------------------------------
[INFO]  T E S T S
[INFO] -------------------------------------------------------
[INFO] Running test.ExampleTest
[INFO] Tests run: 1, Failures: 0, Errors: 0, Skipped: 0, Time elapsed: 0.026 s - in test.ExampleTest
[INFO] Running FailTest
[ERROR] Tests run: 1, Failures: 1, Errors: 0, Skipped: 0, Time elapsed: 0.001 s <<< FAILURE! - in FailTest
[ERROR] failTest  Time elapsed: 0 s  <<< FAILURE!
org.opentest4j.AssertionFailedError: expected: <false> but was: <true>
	at FailTest.failTest(FailTest.java:8)

[INFO] 
[INFO] Results:
[INFO] 
[ERROR] Failures: 
[ERROR]   FailTest.failTest:8 expected: <false> but was: <true>
[INFO] 
[ERROR] Tests run: 2, Failures: 1, Errors: 0, Skipped: 0
[INFO] 
[INFO] ------------------------------------------------------------------------
[INFO] BUILD FAILURE
[INFO] ------------------------------------------------------------------------
[INFO] Total time:  3.403 s
[INFO] Finished at: 2021-02-08T23:41:49+01:00
[INFO] ------------------------------------------------------------------------
[ERROR] Failed to execute goal org.apache.maven.plugins:maven-surefire-plugin:2.22.1:test (default-test) on project ci: There are test failures.
[ERROR] 
[ERROR] Please refer to /home/mfboom/kthprog/DD2480/CI/dd2480-g18-Continuous-Integration/tmp_build/e6134f8/dd2480-g18-Continuous-Integration/target/surefire-reports for the individual test results.
[ERROR] Please refer to dump files (if any exist) [date].dump, [date]-jvmRun[N].dump and [date].dumpstream.
[ERROR] -> [Help 1]
[ERROR] 
[ERROR] To see the full stack trace of the errors, re-run Maven with the -e switch.
[ERROR] Re-run Maven using the -X switch to enable full debug logging.
[ERROR] 
[ERROR] For more information about the errors and possible solutions, please read the following articles:
[ERROR] [Help 1] http://cwiki.apache.org/confluence/display/MAVEN/MojoFailureException
